[2021-05-12 14:44:59:968][main] INFO  c.s.b.BackendMariaDbApplication - Starting BackendMariaDbApplication on sangokleeui-MacBookPro.local with PID 88358 (/Users/sangoklee/Documents/workspace/Team1/backend_mariaDB/target/classes started by sangoklee in /Users/sangoklee/Documents/workspace/Team1/backend_mariaDB)
[2021-05-12 14:44:59:976][main] INFO  c.s.b.BackendMariaDbApplication - No active profile set, falling back to default profiles: default
[2021-05-12 14:45:03:5703][main] INFO  c.s.b.BackendMariaDbApplication - Started BackendMariaDbApplication in 5.182 seconds (JVM running for 6.632)
[2021-05-12 14:52:27:449357][http-nio-8080-exec-3] ERROR c.s.b.w.c.PostsApiController - Error
java.util.NoSuchElementException: No value present
	at java.base/java.util.Optional.get(Optional.java:148)
	at com.spring.backend_mariadb.web.service.PostService.getPostbyId(PostService.java:47)
	at com.spring.backend_mariadb.web.service.PostService$$FastClassBySpringCGLIB$$e1e6ac09.invoke(<generated>)
	at org.springframework.cglib.proxy.MethodProxy.invoke(MethodProxy.java:218)
	at org.springframework.aop.framework.CglibAopProxy$CglibMethodInvocation.invokeJoinpoint(CglibAopProxy.java:771)
	at org.springframework.aop.framework.ReflectiveMethodInvocation.proceed(ReflectiveMethodInvocation.java:163)
	at org.springframework.aop.framework.CglibAopProxy$CglibMethodInvocation.proceed(CglibAopProxy.java:749)
	at org.springframework.transaction.interceptor.TransactionAspectSupport.invokeWithinTransaction(TransactionAspectSupport.java:367)
	at org.springframework.transaction.interceptor.TransactionInterceptor.invoke(TransactionInterceptor.java:118)
	at org.springframework.aop.framework.ReflectiveMethodInvocation.proceed(ReflectiveMethodInvocation.java:186)
	at org.springframework.aop.framework.CglibAopProxy$CglibMethodInvocation.proceed(CglibAopProxy.java:749)
	at org.springframework.aop.framework.CglibAopProxy$DynamicAdvisedInterceptor.intercept(CglibAopProxy.java:691)
	at com.spring.backend_mariadb.web.service.PostService$$EnhancerBySpringCGLIB$$4e90eb39.getPostbyId(<generated>)
	at com.spring.backend_mariadb.web.controller.PostsApiController.getPostbyId(PostsApiController.java:36)
	at java.base/jdk.internal.reflect.NativeMethodAccessorImpl.invoke0(Native Method)
	at java.base/jdk.internal.reflect.NativeMethodAccessorImpl.invoke(NativeMethodAccessorImpl.java:62)
	at java.base/jdk.internal.reflect.DelegatingMethodAccessorImpl.invoke(DelegatingMethodAccessorImpl.java:43)
	at java.base/java.lang.reflect.Method.invoke(Method.java:566)
	at org.springframework.web.method.support.InvocableHandlerMethod.doInvoke(InvocableHandlerMethod.java:190)
	at org.springframework.web.method.support.InvocableHandlerMethod.invokeForRequest(InvocableHandlerMethod.java:138)
	at org.springframework.web.servlet.mvc.method.annotation.ServletInvocableHandlerMethod.invokeAndHandle(ServletInvocableHandlerMethod.java:105)
	at org.springframework.web.servlet.mvc.method.annotation.RequestMappingHandlerAdapter.invokeHandlerMethod(RequestMappingHandlerAdapter.java:878)
	at org.springframework.web.servlet.mvc.method.annotation.RequestMappingHandlerAdapter.handleInternal(RequestMappingHandlerAdapter.java:792)
	at org.springframework.web.servlet.mvc.method.AbstractHandlerMethodAdapter.handle(AbstractHandlerMethodAdapter.java:87)
	at org.springframework.web.servlet.DispatcherServlet.doDispatch(DispatcherServlet.java:1040)
	at org.springframework.web.servlet.DispatcherServlet.doService(DispatcherServlet.java:943)
	at org.springframework.web.servlet.FrameworkServlet.processRequest(FrameworkServlet.java:1006)
	at org.springframework.web.servlet.FrameworkServlet.doGet(FrameworkServlet.java:898)
	at javax.servlet.http.HttpServlet.service(HttpServlet.java:626)
	at org.springframework.web.servlet.FrameworkServlet.service(FrameworkServlet.java:883)
	at javax.servlet.http.HttpServlet.service(HttpServlet.java:733)
	at org.apache.catalina.core.ApplicationFilterChain.internalDoFilter(ApplicationFilterChain.java:227)
	at org.apache.catalina.core.ApplicationFilterChain.doFilter(ApplicationFilterChain.java:162)
	at org.apache.tomcat.websocket.server.WsFilter.doFilter(WsFilter.java:53)
	at org.apache.catalina.core.ApplicationFilterChain.internalDoFilter(ApplicationFilterChain.java:189)
	at org.apache.catalina.core.ApplicationFilterChain.doFilter(ApplicationFilterChain.java:162)
	at org.springframework.web.filter.RequestContextFilter.doFilterInternal(RequestContextFilter.java:100)
	at org.springframework.web.filter.OncePerRequestFilter.doFilter(OncePerRequestFilter.java:119)
	at org.apache.catalina.core.ApplicationFilterChain.internalDoFilter(ApplicationFilterChain.java:189)
	at org.apache.catalina.core.ApplicationFilterChain.doFilter(ApplicationFilterChain.java:162)
	at org.springframework.web.filter.FormContentFilter.doFilterInternal(FormContentFilter.java:93)
	at org.springframework.web.filter.OncePerRequestFilter.doFilter(OncePerRequestFilter.java:119)
	at org.apache.catalina.core.ApplicationFilterChain.internalDoFilter(ApplicationFilterChain.java:189)
	at org.apache.catalina.core.ApplicationFilterChain.doFilter(ApplicationFilterChain.java:162)
	at org.springframework.web.filter.CharacterEncodingFilter.doFilterInternal(CharacterEncodingFilter.java:201)
	at org.springframework.web.filter.OncePerRequestFilter.doFilter(OncePerRequestFilter.java:119)
	at org.apache.catalina.core.ApplicationFilterChain.internalDoFilter(ApplicationFilterChain.java:189)
	at org.apache.catalina.core.ApplicationFilterChain.doFilter(ApplicationFilterChain.java:162)
	at org.apache.catalina.core.StandardWrapperValve.invoke(StandardWrapperValve.java:202)
	at org.apache.catalina.core.StandardContextValve.invoke(StandardContextValve.java:97)
	at org.apache.catalina.authenticator.AuthenticatorBase.invoke(AuthenticatorBase.java:542)
	at org.apache.catalina.core.StandardHostValve.invoke(StandardHostValve.java:143)
	at org.apache.catalina.valves.ErrorReportValve.invoke(ErrorReportValve.java:92)
	at org.apache.catalina.core.StandardEngineValve.invoke(StandardEngineValve.java:78)
	at org.apache.catalina.connector.CoyoteAdapter.service(CoyoteAdapter.java:357)
	at org.apache.coyote.http11.Http11Processor.service(Http11Processor.java:374)
	at org.apache.coyote.AbstractProcessorLight.process(AbstractProcessorLight.java:65)
	at org.apache.coyote.AbstractProtocol$ConnectionHandler.process(AbstractProtocol.java:893)
	at org.apache.tomcat.util.net.NioEndpoint$SocketProcessor.doRun(NioEndpoint.java:1707)
	at org.apache.tomcat.util.net.SocketProcessorBase.run(SocketProcessorBase.java:49)
	at java.base/java.util.concurrent.ThreadPoolExecutor.runWorker(ThreadPoolExecutor.java:1128)
	at java.base/java.util.concurrent.ThreadPoolExecutor$Worker.run(ThreadPoolExecutor.java:628)
	at org.apache.tomcat.util.threads.TaskThread$WrappingRunnable.run(TaskThread.java:61)
	at java.base/java.lang.Thread.run(Thread.java:829)
[2021-05-12 14:56:49:783][main] INFO  c.s.b.BackendMariaDbApplication - Starting BackendMariaDbApplication on sangokleeui-MacBookPro.local with PID 88509 (/Users/sangoklee/Documents/workspace/Team1/backend_mariaDB/target/classes started by sangoklee in /Users/sangoklee/Documents/workspace/Team1/backend_mariaDB)
[2021-05-12 14:56:49:787][main] INFO  c.s.b.BackendMariaDbApplication - No active profile set, falling back to default profiles: default
[2021-05-12 14:56:52:4242][main] INFO  c.s.b.BackendMariaDbApplication - Started BackendMariaDbApplication in 3.801 seconds (JVM running for 5.075)
[2021-05-12 14:58:11:732][main] INFO  c.s.b.BackendMariaDbApplication - Starting BackendMariaDbApplication on sangokleeui-MacBookPro.local with PID 88526 (/Users/sangoklee/Documents/workspace/Team1/backend_mariaDB/target/classes started by sangoklee in /Users/sangoklee/Documents/workspace/Team1/backend_mariaDB)
[2021-05-12 14:58:11:735][main] INFO  c.s.b.BackendMariaDbApplication - No active profile set, falling back to default profiles: default
[2021-05-12 14:58:15:4031][main] INFO  c.s.b.BackendMariaDbApplication - Started BackendMariaDbApplication in 3.617 seconds (JVM running for 4.769)
[2021-05-12 15:15:03:727][main] INFO  c.s.b.BackendMariaDbApplication - Starting BackendMariaDbApplication on sangokleeui-MacBookPro.local with PID 88828 (/Users/sangoklee/Documents/workspace/Team1/backend_mariaDB/target/classes started by sangoklee in /Users/sangoklee/Documents/workspace/Team1/backend_mariaDB)
[2021-05-12 15:15:03:731][main] INFO  c.s.b.BackendMariaDbApplication - No active profile set, falling back to default profiles: default
[2021-05-12 15:15:07:4734][main] INFO  c.s.b.BackendMariaDbApplication - Started BackendMariaDbApplication in 4.331 seconds (JVM running for 5.609)
[2021-05-12 15:26:37:726][main] INFO  c.s.b.BackendMariaDbApplication - Starting BackendMariaDbApplication on sangokleeui-MacBookPro.local with PID 88932 (/Users/sangoklee/Documents/workspace/Team1/backend_mariaDB/target/classes started by sangoklee in /Users/sangoklee/Documents/workspace/Team1/backend_mariaDB)
[2021-05-12 15:26:37:728][main] INFO  c.s.b.BackendMariaDbApplication - No active profile set, falling back to default profiles: default
[2021-05-12 15:26:40:4296][main] INFO  c.s.b.BackendMariaDbApplication - Started BackendMariaDbApplication in 3.911 seconds (JVM running for 5.324)
